  main.cpp
C:\Users\魔域墨鱼\Documents\GitHub\CG-project\include\shader\Shader.h(1,1): warning C4819: 该文件包含不能在当前代码页(936)中表示的字符。请将该文件保存为 Unicode 格式以防止数据丢失
C:\Users\魔域墨鱼\Documents\GitHub\CG-project\CG\Mesh.h(84,1): warning C4267: “参数”: 从“size_t”转换到“GLsizei”，可能丢失数据
C:\Users\魔域墨鱼\Documents\GitHub\CG-project\CG\Mesh.h(115,1): warning C4267: “参数”: 从“size_t”转换到“GLsizei”，可能丢失数据
C:\Users\魔域墨鱼\Documents\GitHub\CG-project\CG\main.cpp(171,22): warning C4244: “初始化”: 从“double”转换到“float”，可能丢失数据
LINK : warning LNK4098: 默认库“MSVCRT”与其他库的使用冲突；请使用 /NODEFAULTLIB:library
LINK : warning LNK4217: 符号“free”(在“ libucrtd.lib(free.obj)”中定义)已由“glfw3.lib(win32_joystick.obj)”(函数“_glfwInitJoysticksWin32”中)导入
LINK : warning LNK4217: 符号“free”(在“ libucrtd.lib(free.obj)”中定义)已由“glfw3.lib(wgl_context.obj)”(函数“makeContextCurrentWGL”中)导入
LINK : warning LNK4217: 符号“free”(在“ libucrtd.lib(free.obj)”中定义)已由“glfw3.lib(egl_context.obj)”(函数“_glfwCreateContextEGL”中)导入
LINK : warning LNK4286: 符号“free”(在“libucrtd.lib(free.obj)”中定义)已由“glfw3.lib(osmesa_context.obj)”导入
LINK : warning LNK4217: 符号“free”(在“ libucrtd.lib(free.obj)”中定义)已由“glfw3.lib(win32_monitor.obj)”(函数“_glfwPlatformGetMonitorPos”中)导入
LINK : warning LNK4286: 符号“free”(在“libucrtd.lib(free.obj)”中定义)已由“glfw3.lib(monitor.obj)”导入
LINK : warning LNK4217: 符号“free”(在“ libucrtd.lib(free.obj)”中定义)已由“glfw3.lib(vulkan.obj)”(函数“_glfwGetVulkanResultString”中)导入
LINK : warning LNK4286: 符号“free”(在“libucrtd.lib(free.obj)”中定义)已由“glfw3.lib(win32_window.obj)”导入
LINK : warning LNK4217: 符号“free”(在“ libucrtd.lib(free.obj)”中定义)已由“glfw3.lib(init.obj)”(函数“terminate”中)导入
LINK : warning LNK4286: 符号“free”(在“libucrtd.lib(free.obj)”中定义)已由“glfw3.lib(window.obj)”导入
LINK : warning LNK4286: 符号“free”(在“libucrtd.lib(free.obj)”中定义)已由“glfw3.lib(input.obj)”导入
LINK : warning LNK4217: 符号“free”(在“ libucrtd.lib(free.obj)”中定义)已由“glfw3.lib(win32_init.obj)”(函数“createHelperWindow”中)导入
LINK : warning LNK4217: 符号“strcspn”(在“ libucrtd.lib(strcspn.obj)”中定义)已由“glfw3.lib(input.obj)”(函数“glfwUpdateGamepadMappings”中)导入
LINK : warning LNK4217: 符号“strncmp”(在“ libucrtd.lib(strncmp.obj)”中定义)已由“glfw3.lib(input.obj)”(函数“parseMapping”中)导入
LINK : warning LNK4286: 符号“strncmp”(在“libucrtd.lib(strncmp.obj)”中定义)已由“glfw3.lib(context.obj)”导入
LINK : warning LNK4286: 符号“strncmp”(在“libucrtd.lib(strncmp.obj)”中定义)已由“glfw3.lib(egl_context.obj)”导入
LINK : warning LNK4217: 符号“strtoul”(在“ libucrtd.lib(strtox.obj)”中定义)已由“glfw3.lib(input.obj)”(函数“parseMapping”中)导入
LINK : warning LNK4217: 符号“realloc”(在“ libucrtd.lib(realloc.obj)”中定义)已由“glfw3.lib(input.obj)”(函数“glfwUpdateGamepadMappings”中)导入
LINK : warning LNK4286: 符号“realloc”(在“libucrtd.lib(realloc.obj)”中定义)已由“glfw3.lib(win32_monitor.obj)”导入
LINK : warning LNK4286: 符号“realloc”(在“libucrtd.lib(realloc.obj)”中定义)已由“glfw3.lib(monitor.obj)”导入
LINK : warning LNK4217: 符号“memmove”(在“ libvcruntimed.lib(memcpy.obj)”中定义)已由“glfw3.lib(monitor.obj)”(函数“_glfwInputMonitor”中)导入
LINK : warning LNK4217: 符号“qsort”(在“ libucrtd.lib(qsort.obj)”中定义)已由“glfw3.lib(monitor.obj)”(函数“refreshVideoModes”中)导入
LINK : warning LNK4217: 符号“qsort”(在“ libucrtd.lib(qsort.obj)”中定义)已由“glfw3.lib(win32_joystick.obj)”(函数“_glfwDetectJoystickConnectionWin32”中)导入
main.obj : error LNK2019: 无法解析的外部符号 "public: __cdecl Shader::Shader(char const *,char const *,char const *)" (??0Shader@@QEAA@PEBD00@Z)，函数 main 中引用了该符号
main.obj : error LNK2019: 无法解析的外部符号 "public: void __cdecl Shader::use(void)" (?use@Shader@@QEAAXXZ)，函数 main 中引用了该符号
main.obj : error LNK2019: 无法解析的外部符号 "public: void __cdecl Shader::setInt(class std::basic_string<char,struct std::char_traits<char>,class std::allocator<char> > const &,int)const " (?setInt@Shader@@QEBAXAEBV?$basic_string@DU?$char_traits@D@std@@V?$allocator@D@2@@std@@H@Z)，函数 main 中引用了该符号
main.obj : error LNK2019: 无法解析的外部符号 "public: void __cdecl Shader::setVec3(class std::basic_string<char,struct std::char_traits<char>,class std::allocator<char> > const &,struct glm::tvec3<float,0> const &)const " (?setVec3@Shader@@QEBAXAEBV?$basic_string@DU?$char_traits@D@std@@V?$allocator@D@2@@std@@AEBU?$tvec3@M$0A@@glm@@@Z)，函数 main 中引用了该符号
main.obj : error LNK2019: 无法解析的外部符号 "public: void __cdecl Shader::setMat4(class std::basic_string<char,struct std::char_traits<char>,class std::allocator<char> > const &,struct glm::tmat4x4<float,0> const &)const " (?setMat4@Shader@@QEBAXAEBV?$basic_string@DU?$char_traits@D@std@@V?$allocator@D@2@@std@@AEBU?$tmat4x4@M$0A@@glm@@@Z)，函数 main 中引用了该符号
main.obj : error LNK2019: 无法解析的外部符号 "public: __cdecl Assimp::Importer::Importer(void)" (??0Importer@Assimp@@QEAA@XZ)，函数 "private: void __cdecl Model::loadModel(class std::basic_string<char,struct std::char_traits<char>,class std::allocator<char> > const &)" (?loadModel@Model@@AEAAXAEBV?$basic_string@DU?$char_traits@D@std@@V?$allocator@D@2@@std@@@Z) 中引用了该符号
main.obj : error LNK2019: 无法解析的外部符号 "public: __cdecl Assimp::Importer::~Importer(void)" (??1Importer@Assimp@@QEAA@XZ)，函数 "private: void __cdecl Model::loadModel(class std::basic_string<char,struct std::char_traits<char>,class std::allocator<char> > const &)" (?loadModel@Model@@AEAAXAEBV?$basic_string@DU?$char_traits@D@std@@V?$allocator@D@2@@std@@@Z) 中引用了该符号
main.obj : error LNK2019: 无法解析的外部符号 "public: struct aiScene const * __cdecl Assimp::Importer::ReadFile(char const *,unsigned int)" (?ReadFile@Importer@Assimp@@QEAAPEBUaiScene@@PEBDI@Z)，函数 "public: struct aiScene const * __cdecl Assimp::Importer::ReadFile(class std::basic_string<char,struct std::char_traits<char>,class std::allocator<char> > const &,unsigned int)" (?ReadFile@Importer@Assimp@@QEAAPEBUaiScene@@AEBV?$basic_string@DU?$char_traits@D@std@@V?$allocator@D@2@@std@@I@Z) 中引用了该符号
main.obj : error LNK2019: 无法解析的外部符号 "public: char const * __cdecl Assimp::Importer::GetErrorString(void)const " (?GetErrorString@Importer@Assimp@@QEBAPEBDXZ)，函数 "private: void __cdecl Model::loadModel(class std::basic_string<char,struct std::char_traits<char>,class std::allocator<char> > const &)" (?loadModel@Model@@AEAAXAEBV?$basic_string@DU?$char_traits@D@std@@V?$allocator@D@2@@std@@@Z) 中引用了该符号
main.obj : error LNK2019: 无法解析的外部符号 aiGetMaterialTextureCount，函数 "public: unsigned int __cdecl aiMaterial::GetTextureCount(enum aiTextureType)const " (?GetTextureCount@aiMaterial@@QEBAIW4aiTextureType@@@Z) 中引用了该符号
main.obj : error LNK2019: 无法解析的外部符号 aiGetMaterialTexture，函数 "public: enum aiReturn __cdecl aiMaterial::GetTexture(enum aiTextureType,unsigned int,struct aiString *,enum aiTextureMapping *,unsigned int *,float *,enum aiTextureOp *,enum aiTextureMapMode *)const " (?GetTexture@aiMaterial@@QEBA?AW4aiReturn@@W4aiTextureType@@IPEAUaiString@@PEAW4aiTextureMapping@@PEAIPEAMPEAW4aiTextureOp@@PEAW4aiTextureMapMode@@@Z) 中引用了该符号
glfw3.lib(win32_joystick.obj) : error LNK2019: 无法解析的外部符号 __imp_calloc，函数 supportsXInput 中引用了该符号
glfw3.lib(wgl_context.obj) : error LNK2001: 无法解析的外部符号 __imp_calloc
glfw3.lib(egl_context.obj) : error LNK2001: 无法解析的外部符号 __imp_calloc
glfw3.lib(osmesa_context.obj) : error LNK2001: 无法解析的外部符号 __imp_calloc
glfw3.lib(win32_monitor.obj) : error LNK2001: 无法解析的外部符号 __imp_calloc
glfw3.lib(monitor.obj) : error LNK2001: 无法解析的外部符号 __imp_calloc
glfw3.lib(vulkan.obj) : error LNK2001: 无法解析的外部符号 __imp_calloc
glfw3.lib(win32_window.obj) : error LNK2001: 无法解析的外部符号 __imp_calloc
glfw3.lib(init.obj) : error LNK2001: 无法解析的外部符号 __imp_calloc
glfw3.lib(window.obj) : error LNK2001: 无法解析的外部符号 __imp_calloc
glfw3.lib(input.obj) : error LNK2001: 无法解析的外部符号 __imp_calloc
glfw3.lib(win32_init.obj) : error LNK2001: 无法解析的外部符号 __imp_calloc
glfw3.lib(init.obj) : error LNK2019: 无法解析的外部符号 __imp_vsnprintf，函数 _glfwInputError 中引用了该符号
MSVCRT.lib(vsnprintf.obj) : error LNK2001: 无法解析的外部符号 __imp_vsnprintf
glfw3.lib(window.obj) : error LNK2019: 无法解析的外部符号 __imp_strncpy，函数 glfwWindowHintString 中引用了该符号
glfw3.lib(input.obj) : error LNK2001: 无法解析的外部符号 __imp_strncpy
glfw3.lib(monitor.obj) : error LNK2001: 无法解析的外部符号 __imp_strncpy
glfw3.lib(win32_joystick.obj) : error LNK2001: 无法解析的外部符号 __imp_strncpy
glfw3.lib(input.obj) : error LNK2019: 无法解析的外部符号 __imp_strspn，函数 glfwUpdateGamepadMappings 中引用了该符号
glfw3.lib(context.obj) : error LNK2019: 无法解析的外部符号 __imp_strstr，函数 _glfwStringInExtensionString 中引用了该符号
glfw3.lib(win32_joystick.obj) : error LNK2001: 无法解析的外部符号 __imp_strstr
glfw3.lib(context.obj) : error LNK2019: 无法解析的外部符号 __imp_sscanf，函数 _glfwRefreshContextAttribs 中引用了该符号
glfw3.lib(win32_joystick.obj) : error LNK2019: 无法解析的外部符号 __imp_sprintf，函数 _glfwDetectJoystickConnectionWin32 中引用了该符号
MSVCRT.lib(vsnprintf.obj) : error LNK2001: 无法解析的外部符号 __imp__vsnprintf
C:\Users\魔域墨鱼\Documents\GitHub\CG-project\x64\Debug\Project.exe : fatal error LNK1120: 19 个无法解析的外部命令
